# JRE version: Java(TM) SE Runtime Environment (8.0_111-b14) (build 1.8.0_111-b14)
# Java VM: Java HotSpot(TM) 64-Bit Server VM (25.111-b14 mixed mode windows-amd64 compressed oops)
Heap:
 PSYoungGen      total 139776K, used 126892K [0x000000076b500000, 0x000000077c600000, 0x00000007c0000000)
  eden space 129024K, 93% used [0x000000076b500000,0x0000000772b1f138,0x0000000773300000)
  from space 10752K, 55% used [0x0000000773300000,0x00000007738cbf78,0x0000000773d80000)
  to   space 12288K, 0% used [0x000000077ba00000,0x000000077ba00000,0x000000077c600000)
 ParOldGen       total 75776K, used 9279K [0x00000006c1e00000, 0x00000006c6800000, 0x000000076b500000)
  object space 75776K, 12% used [0x00000006c1e00000,0x00000006c270fd18,0x00000006c6800000)
 Metaspace       used 25342K, capacity 26410K, committed 26624K, reserved 1073152K
  class space    used 3280K, capacity 3515K, committed 3584K, reserved 1048576K
GC Heap History (10 events):
Event: 16.663 GC heap before
{Heap before GC invocations=2 (full 1):
 PSYoungGen      total 76288K, used 10736K [0x000000076b500000, 0x0000000770a00000, 0x00000007c0000000)
  eden space 65536K, 0% used [0x000000076b500000,0x000000076b500000,0x000000076f500000)
  from space 10752K, 99% used [0x000000076f500000,0x000000076ff7c060,0x000000076ff80000)
  to   space 10752K, 0% used [0x000000076ff80000,0x000000076ff80000,0x0000000770a00000)
 ParOldGen       total 175104K, used 670K [0x00000006c1e00000, 0x00000006cc900000, 0x000000076b500000)
  object space 175104K, 0% used [0x00000006c1e00000,0x00000006c1ea7b00,0x00000006cc900000)
 Metaspace       used 20247K, capacity 21122K, committed 21296K, reserved 1067008K
  class space    used 2895K, capacity 3091K, committed 3200K, reserved 1048576K
Event: 16.691 GC heap after
Heap after GC invocations=2 (full 1):
 PSYoungGen      total 76288K, used 0K [0x000000076b500000, 0x0000000770a00000, 0x00000007c0000000)
  eden space 65536K, 0% used [0x000000076b500000,0x000000076b500000,0x000000076f500000)
  from space 10752K, 0% used [0x000000076f500000,0x000000076f500000,0x000000076ff80000)
  to   space 10752K, 0% used [0x000000076ff80000,0x000000076ff80000,0x0000000770a00000)
 ParOldGen       total 75776K, used 9228K [0x00000006c1e00000, 0x00000006c6800000, 0x000000076b500000)
  object space 75776K, 12% used [0x00000006c1e00000,0x00000006c27030c8,0x00000006c6800000)
 Metaspace       used 20247K, capacity 21122K, committed 21296K, reserved 1067008K
  class space    used 2895K, capacity 3091K, committed 3200K, reserved 1048576K
}
Event: 17.277 GC heap before
{Heap before GC invocations=3 (full 1):
 PSYoungGen      total 76288K, used 65532K [0x000000076b500000, 0x0000000770a00000, 0x00000007c0000000)
  eden space 65536K, 99% used [0x000000076b500000,0x000000076f4ff288,0x000000076f500000)
  from space 10752K, 0% used [0x000000076f500000,0x000000076f500000,0x000000076ff80000)
  to   space 10752K, 0% used [0x000000076ff80000,0x000000076ff80000,0x0000000770a00000)
 ParOldGen       total 75776K, used 9228K [0x00000006c1e00000, 0x00000006c6800000, 0x000000076b500000)
  object space 75776K, 12% used [0x00000006c1e00000,0x00000006c27030c8,0x00000006c6800000)
 Metaspace       used 22183K, capacity 23016K, committed 23296K, reserved 1069056K
  class space    used 3099K, capacity 3290K, committed 3328K, reserved 1048576K
Event: 17.282 GC heap after
Heap after GC invocations=3 (full 1):
 PSYoungGen      total 76288K, used 2744K [0x000000076b500000, 0x0000000770a00000, 0x00000007c0000000)
  eden space 65536K, 0% used [0x000000076b500000,0x000000076b500000,0x000000076f500000)
  from space 10752K, 25% used [0x000000076ff80000,0x000000077022e338,0x0000000770a00000)
  to   space 10752K, 0% used [0x000000076f500000,0x000000076f500000,0x000000076ff80000)
 ParOldGen       total 75776K, used 9236K [0x00000006c1e00000, 0x00000006c6800000, 0x000000076b500000)
  object space 75776K, 12% used [0x00000006c1e00000,0x00000006c27050c8,0x00000006c6800000)
 Metaspace       used 22183K, capacity 23016K, committed 23296K, reserved 1069056K
  class space    used 3099K, capacity 3290K, committed 3328K, reserved 1048576K
}
Event: 17.292 GC heap before
{Heap before GC invocations=4 (full 1):
 PSYoungGen      total 76288K, used 68159K [0x000000076b500000, 0x0000000770a00000, 0x00000007c0000000)
  eden space 65536K, 99% used [0x000000076b500000,0x000000076f4e1c60,0x000000076f500000)
  from space 10752K, 25% used [0x000000076ff80000,0x000000077022e338,0x0000000770a00000)
  to   space 10752K, 0% used [0x000000076f500000,0x000000076f500000,0x000000076ff80000)
 ParOldGen       total 75776K, used 9236K [0x00000006c1e00000, 0x00000006c6800000, 0x000000076b500000)
  object space 75776K, 12% used [0x00000006c1e00000,0x00000006c27050c8,0x00000006c6800000)
 Metaspace       used 22186K, capacity 23080K, committed 23296K, reserved 1069056K
  class space    used 3099K, capacity 3290K, committed 3328K, reserved 1048576K
Event: 17.294 GC heap after
Heap after GC invocations=4 (full 1):
 PSYoungGen      total 76288K, used 1554K [0x000000076b500000, 0x0000000774800000, 0x00000007c0000000)
  eden space 65536K, 0% used [0x000000076b500000,0x000000076b500000,0x000000076f500000)
  from space 10752K, 14% used [0x000000076f500000,0x000000076f684800,0x000000076ff80000)
  to   space 10752K, 0% used [0x0000000773d80000,0x0000000773d80000,0x0000000774800000)
 ParOldGen       total 75776K, used 9244K [0x00000006c1e00000, 0x00000006c6800000, 0x000000076b500000)
  object space 75776K, 12% used [0x00000006c1e00000,0x00000006c27070c8,0x00000006c6800000)
 Metaspace       used 22186K, capacity 23080K, committed 23296K, reserved 1069056K
  class space    used 3099K, capacity 3290K, committed 3328K, reserved 1048576K
}
Event: 17.301 GC heap before
{Heap before GC invocations=5 (full 1):
 PSYoungGen      total 76288K, used 66958K [0x000000076b500000, 0x0000000774800000, 0x00000007c0000000)
  eden space 65536K, 99% used [0x000000076b500000,0x000000076f4df3a8,0x000000076f500000)
  from space 10752K, 14% used [0x000000076f500000,0x000000076f684800,0x000000076ff80000)
  to   space 10752K, 0% used [0x0000000773d80000,0x0000000773d80000,0x0000000774800000)
 ParOldGen       total 75776K, used 9244K [0x00000006c1e00000, 0x00000006c6800000, 0x000000076b500000)
  object space 75776K, 12% used [0x00000006c1e00000,0x00000006c27070c8,0x00000006c6800000)
 Metaspace       used 22186K, capacity 23080K, committed 23296K, reserved 1069056K
  class space    used 3099K, capacity 3290K, committed 3328K, reserved 1048576K
Event: 17.303 GC heap after
Heap after GC invocations=5 (full 1):
 PSYoungGen      total 139776K, used 1538K [0x000000076b500000, 0x0000000774900000, 0x00000007c0000000)
  eden space 129024K, 0% used [0x000000076b500000,0x000000076b500000,0x0000000773300000)
  from space 10752K, 14% used [0x0000000773d80000,0x0000000773f00998,0x0000000774800000)
  to   space 10752K, 0% used [0x0000000773300000,0x0000000773300000,0x0000000773d80000)
 ParOldGen       total 75776K, used 9252K [0x00000006c1e00000, 0x00000006c6800000, 0x000000076b500000)
  object space 75776K, 12% used [0x00000006c1e00000,0x00000006c27090c8,0x00000006c6800000)
 Metaspace       used 22186K, capacity 23080K, committed 23296K, reserved 1069056K
  class space    used 3099K, capacity 3290K, committed 3328K, reserved 1048576K
}
Event: 29.500 GC heap before
{Heap before GC invocations=6 (full 1):
 PSYoungGen      total 139776K, used 130562K [0x000000076b500000, 0x0000000774900000, 0x00000007c0000000)
  eden space 129024K, 100% used [0x000000076b500000,0x0000000773300000,0x0000000773300000)
  from space 10752K, 14% used [0x0000000773d80000,0x0000000773f00998,0x0000000774800000)
  to   space 10752K, 0% used [0x0000000773300000,0x0000000773300000,0x0000000773d80000)
 ParOldGen       total 75776K, used 9252K [0x00000006c1e00000, 0x00000006c6800000, 0x000000076b500000)
  object space 75776K, 12% used [0x00000006c1e00000,0x00000006c27090c8,0x00000006c6800000)
 Metaspace       used 23600K, capacity 24552K, committed 24704K, reserved 1071104K
  class space    used 3215K, capacity 3450K, committed 3456K, reserved 1048576K
Event: 29.504 GC heap after
Heap after GC invocations=6 (full 1):
 PSYoungGen      total 139776K, used 5935K [0x000000076b500000, 0x000000077c600000, 0x00000007c0000000)
  eden space 129024K, 0% used [0x000000076b500000,0x000000076b500000,0x0000000773300000)
  from space 10752K, 55% used [0x0000000773300000,0x00000007738cbf78,0x0000000773d80000)
  to   space 12288K, 0% used [0x000000077ba00000,0x000000077ba00000,0x000000077c600000)
 ParOldGen       total 75776K, used 9279K [0x00000006c1e00000, 0x00000006c6800000, 0x000000076b500000)
  object space 75776K, 12% used [0x00000006c1e00000,0x00000006c270fd18,0x00000006c6800000)
 Metaspace       used 23600K, capacity 24552K, committed 24704K, reserved 1071104K
  class space    used 3215K, capacity 3450K, committed 3456K, reserved 1048576K
}

